[25Jul2025 03:24:51.769] [main/INFO] [cpw.mods.modlauncher.Launcher/MODLAUNCHER]: ModLauncher running: args [--launchTarget, neoforgeclientdev, --version, 21.5.75, --assetIndex, 24, --assetsDir, C:\\Users\\Owner\\.mcreator\\gradle\\caches\\neoformruntime\\assets, --fml.fmlVersion, 7.0.10, --fml.mcVersion, 1.21.5, --fml.neoForgeVersion, 21.5.75, --fml.neoFormVersion, 20250325.162830]
[25Jul2025 03:24:51.777] [main/INFO] [cpw.mods.modlauncher.Launcher/MODLAUNCHER]: JVM identified as Eclipse Adoptium OpenJDK 64-Bit Server VM 21.0.5+11-LTS
[25Jul2025 03:24:51.781] [main/INFO] [cpw.mods.modlauncher.Launcher/MODLAUNCHER]: ModLauncher 11.0.4+main.d2e20e43 starting: java version 21.0.5 by Eclipse Adoptium; OS Windows 11 arch amd64 version 10.0
[25Jul2025 03:24:51.953] [main/INFO] [net.neoforged.fml.loading.ImmediateWindowHandler/]: Loading ImmediateWindowProvider fmlearlywindow
[25Jul2025 03:24:52.347] [main/INFO] [mixin/]: SpongePowered MIXIN Subsystem Version=0.8.7 Source=union:/C:/Users/Owner/.mcreator/gradle/caches/modules-2/files-2.1/net.fabricmc/sponge-mixin/0.15.2+mixin.0.8.7/2af2f021d8e02a0220dc27a7a72b4666d66d44ca/sponge-mixin-0.15.2+mixin.0.8.7.jar%23162!/ Service=ModLauncher Env=CLIENT
[25Jul2025 03:24:52.592] [pool-2-thread-1/INFO] [EARLYDISPLAY/]: GL info: NVIDIA GeForce RTX 3060 Ti/PCIe/SSE2 GL version 3.2.0 NVIDIA 576.80, NVIDIA Corporation
[25Jul2025 03:24:52.960] [main/INFO] [net.neoforged.fml.loading.moddiscovery.locators.JarInJarDependencyLocator/]: Found 2 dependencies adding them to mods collection
[25Jul2025 03:24:52.963] [main/INFO] [net.neoforged.fml.loading.moddiscovery.ModDiscoverer/]: 
     Mod List:
		Name Version (Mod Id)

		Minecraft 1.21.5 (minecraft)
		NeoForge 21.5.75 (neoforge)
		Oaks Display Example 1.0.0 (example)
[25Jul2025 03:24:53.743] [main/INFO] [cpw.mods.modlauncher.LaunchServiceHandler/MODLAUNCHER]: Launching target 'neoforgeclientdev' with arguments [--version, 21.5.75, --assetsDir, C:\Users\Owner\.mcreator\gradle\caches\neoformruntime\assets, --assetIndex, 24]
[25Jul2025 03:24:55.963] [pool-7-thread-1/INFO] [MixinExtras|Service/]: Initializing MixinExtras via com.llamalad7.mixinextras.service.MixinExtrasServiceImpl(version=0.4.1).
[25Jul2025 03:24:56.841] [Datafixer Bootstrap/INFO] [com.mojang.datafixers.DataFixerBuilder/]: 266 Datafixer optimizations took 1487 milliseconds
[25Jul2025 03:25:01.933] [main/WARN] [net.minecraft.commands.Commands/]: Ambiguity between arguments [teleport, location] and [teleport, destination] with inputs: [0.1 -0.5 .9, 0 0 0]
[25Jul2025 03:25:01.936] [main/WARN] [net.minecraft.commands.Commands/]: Ambiguity between arguments [teleport, location] and [teleport, targets] with inputs: [0.1 -0.5 .9, 0 0 0]
[25Jul2025 03:25:01.939] [main/WARN] [net.minecraft.commands.Commands/]: Ambiguity between arguments [teleport, destination] and [teleport, targets] with inputs: [Player, 0123, @e, dd12be42-52a9-4a91-a8a1-11c01849e498]
[25Jul2025 03:25:01.941] [main/WARN] [net.minecraft.commands.Commands/]: Ambiguity between arguments [teleport, targets] and [teleport, destination] with inputs: [Player, 0123, dd12be42-52a9-4a91-a8a1-11c01849e498]
[25Jul2025 03:25:01.944] [main/WARN] [net.minecraft.commands.Commands/]: Ambiguity between arguments [teleport, targets, location] and [teleport, targets, destination] with inputs: [0.1 -0.5 .9, 0 0 0]
[25Jul2025 03:25:02.030] [modloading-worker-0/INFO] [net.neoforged.neoforge.common.NeoForgeMod/NEOFORGE-MOD]: NeoForge mod loading, version 21.5.75, for MC 1.21.5
[25Jul2025 03:25:02.492] [Render thread/WARN] [net.minecraft.server.packs.VanillaPackResourcesBuilder/]: Assets URL 'union:/C:/Users/Owner/MCreatorWorkspaces/example/build/moddev/artifacts/neoforge-21.5.75.jar%23215!/assets/.mcassetsroot' uses unexpected schema
[25Jul2025 03:25:02.493] [Render thread/WARN] [net.minecraft.server.packs.VanillaPackResourcesBuilder/]: Assets URL 'union:/C:/Users/Owner/MCreatorWorkspaces/example/build/moddev/artifacts/neoforge-21.5.75.jar%23215!/data/.mcassetsroot' uses unexpected schema
[25Jul2025 03:25:02.523] [Render thread/INFO] [com.mojang.authlib.yggdrasil.YggdrasilAuthenticationService/]: Environment: Environment[sessionHost=https://sessionserver.mojang.com, servicesHost=https://api.minecraftservices.com, name=PROD]
[25Jul2025 03:25:02.536] [Render thread/INFO] [net.minecraft.client.Minecraft/]: Setting user: Dev
[25Jul2025 03:25:02.667] [Render thread/INFO] [net.minecraft.client.Minecraft/]: Backend library: LWJGL version 3.3.3+5
[25Jul2025 03:25:02.786] [Render thread/INFO] [net.minecraft.client.Minecraft/]: Using optional rendering extensions: GL_KHR_debug, GL_ARB_vertex_attrib_binding, GL_ARB_direct_state_access
[25Jul2025 03:25:03.536] [Render thread/INFO] [net.minecraft.server.packs.resources.ReloadableResourceManager/]: Reloading ResourceManager: vanilla, mod_resources, mod/neoforge, mod/example
[25Jul2025 03:25:03.653] [resourceLoad/INFO] [net.minecraft.client.gui.font.providers.UnihexProvider/]: Found unifont_all_no_pua-16.0.01.hex, loading
[25Jul2025 03:25:03.807] [resourceLoad/INFO] [net.minecraft.client.gui.font.providers.UnihexProvider/]: Found unifont_jp_patch-16.0.01.hex, loading
[25Jul2025 03:25:04.262] [Download-2/INFO] [com.mojang.realmsclient.client.RealmsClient/]: Could not authorize you against Realms server: java.lang.RuntimeException: Failed to parse into SignedJWT: 0
[25Jul2025 03:25:04.263] [Download-2/ERROR] [com.mojang.realmsclient.client.RealmsClient/]: Failed to fetch Realms feature flags
com.mojang.realmsclient.exception.RealmsServiceException: Realms authentication error with message 'java.lang.RuntimeException: Failed to parse into SignedJWT: 0'
	at TRANSFORMER/minecraft@1.21.5/com.mojang.realmsclient.client.RealmsClient.execute(RealmsClient.java:469) ~[neoforge-21.5.75.jar%23215!/:?]
	at TRANSFORMER/minecraft@1.21.5/com.mojang.realmsclient.client.RealmsClient.fetchFeatureFlags(RealmsClient.java:151) ~[neoforge-21.5.75.jar%23215!/:?]
	at java.base/java.util.concurrent.CompletableFuture$AsyncSupply.run(CompletableFuture.java:1768) ~[?:?]
	at java.base/java.util.concurrent.ThreadPoolExecutor.runWorker(ThreadPoolExecutor.java:1144) ~[?:?]
	at java.base/java.util.concurrent.ThreadPoolExecutor$Worker.run(ThreadPoolExecutor.java:642) ~[?:?]
	at java.base/java.lang.Thread.run(Thread.java:1583) [?:?]
[25Jul2025 03:25:04.789] [Render thread/WARN] [com.mojang.blaze3d.opengl.GlProgram/]: minecraft:pipeline/entity_translucent_emissive shader program does not use sampler Sampler2 defined in the pipeline. This might be a bug.
[25Jul2025 03:25:04.854] [Render thread/INFO] [com.mojang.blaze3d.audio.Library/]: OpenAL initialized on device OpenAL Soft on Speakers (Realtek High Definition Audio)
[25Jul2025 03:25:04.855] [Render thread/INFO] [net.minecraft.client.sounds.SoundEngine/SOUNDS]: Sound engine started
[25Jul2025 03:25:05.025] [Render thread/INFO] [net.minecraft.client.renderer.texture.TextureAtlas/]: Created: 1024x512x2 minecraft:textures/atlas/blocks.png-atlas
[25Jul2025 03:25:05.035] [Render thread/INFO] [net.minecraft.client.renderer.texture.TextureAtlas/]: Created: 256x256x2 minecraft:textures/atlas/signs.png-atlas
[25Jul2025 03:25:05.035] [Render thread/INFO] [net.minecraft.client.renderer.texture.TextureAtlas/]: Created: 512x512x2 minecraft:textures/atlas/banner_patterns.png-atlas
[25Jul2025 03:25:05.036] [Render thread/INFO] [net.minecraft.client.renderer.texture.TextureAtlas/]: Created: 512x512x2 minecraft:textures/atlas/shield_patterns.png-atlas
[25Jul2025 03:25:05.036] [Render thread/INFO] [net.minecraft.client.renderer.texture.TextureAtlas/]: Created: 2048x1024x2 minecraft:textures/atlas/armor_trims.png-atlas
[25Jul2025 03:25:05.039] [Render thread/INFO] [net.minecraft.client.renderer.texture.TextureAtlas/]: Created: 256x256x2 minecraft:textures/atlas/chest.png-atlas
[25Jul2025 03:25:05.043] [Render thread/INFO] [net.minecraft.client.renderer.texture.TextureAtlas/]: Created: 128x64x2 minecraft:textures/atlas/decorated_pot.png-atlas
[25Jul2025 03:25:05.043] [Render thread/INFO] [net.minecraft.client.renderer.texture.TextureAtlas/]: Created: 512x256x2 minecraft:textures/atlas/beds.png-atlas
[25Jul2025 03:25:05.044] [Render thread/INFO] [net.minecraft.client.renderer.texture.TextureAtlas/]: Created: 512x256x2 minecraft:textures/atlas/shulker_boxes.png-atlas
[25Jul2025 03:25:05.046] [Render thread/INFO] [net.minecraft.client.renderer.texture.TextureAtlas/]: Created: 64x64x0 minecraft:textures/atlas/map_decorations.png-atlas
[25Jul2025 03:25:05.246] [Render thread/INFO] [net.minecraft.client.renderer.texture.TextureAtlas/]: Created: 512x256x0 minecraft:textures/atlas/particles.png-atlas
[25Jul2025 03:25:05.247] [Render thread/INFO] [net.minecraft.client.renderer.texture.TextureAtlas/]: Created: 512x256x0 minecraft:textures/atlas/paintings.png-atlas
[25Jul2025 03:25:05.248] [Render thread/INFO] [net.minecraft.client.renderer.texture.TextureAtlas/]: Created: 256x128x0 minecraft:textures/atlas/mob_effects.png-atlas
[25Jul2025 03:25:05.248] [Render thread/INFO] [net.minecraft.client.renderer.texture.TextureAtlas/]: Created: 1024x512x0 minecraft:textures/atlas/gui.png-atlas
[25Jul2025 03:25:05.252] [Render thread/INFO] [net.neoforged.neoforge.client.entity.animation.json.AnimationLoader/]: Loaded 0 entity animations
[25Jul2025 03:25:18.234] [Render thread/INFO] [net.minecraft.world.item.crafting.RecipeManager/]: Loaded 1373 recipes
[25Jul2025 03:25:18.247] [Render thread/INFO] [net.minecraft.advancements.AdvancementTree/]: Loaded 1484 advancements
[25Jul2025 03:25:18.249] [Render thread/INFO] [net.neoforged.neoforge.common.crafting.RecipePriorityManager/]: Loaded 0 recipe priority overrides
[25Jul2025 03:25:18.414] [Server thread/INFO] [net.minecraft.client.server.IntegratedServer/]: Starting integrated minecraft server version 1.21.5
[25Jul2025 03:25:18.414] [Server thread/INFO] [net.minecraft.server.MinecraftServer/]: Generating keypair
[25Jul2025 03:25:18.795] [Server thread/INFO] [net.minecraft.server.MinecraftServer/]: Preparing start region for dimension minecraft:overworld
[25Jul2025 03:25:18.952] [progressListener/INFO] [net.minecraft.server.level.progress.LoggerChunkProgressListener/]: Preparing spawn area: 0%
[25Jul2025 03:25:18.998] [Server thread/INFO] [net.neoforged.neoforge.server.permission.PermissionAPI/]: Successfully initialized permission handler neoforge:default_handler
[25Jul2025 03:25:19.009] [progressListener/INFO] [net.minecraft.server.level.progress.LoggerChunkProgressListener/]: Time elapsed: 200 ms
[25Jul2025 03:25:19.034] [Server thread/INFO] [net.minecraft.client.server.IntegratedServer/]: Changing view distance to 13, from 10
[25Jul2025 03:25:19.035] [Server thread/INFO] [net.minecraft.client.server.IntegratedServer/]: Changing simulation distance to 12, from 0
[25Jul2025 03:25:19.767] [Server thread/INFO] [net.minecraft.server.players.PlayerList/]: Dev[local:E:bed0e3ba] logged in with entity id 4 at (0.5441778591633772, -60.0, 0.5264913070968065)
[25Jul2025 03:25:19.825] [Server thread/INFO] [net.minecraft.server.MinecraftServer/]: Dev joined the game
[25Jul2025 03:25:19.911] [Render thread/INFO] [net.minecraft.advancements.AdvancementTree/]: Loaded 96 advancements
[25Jul2025 03:25:22.552] [Server thread/INFO] [net.minecraft.client.server.IntegratedServer/]: Saving and pausing game...
[25Jul2025 03:25:22.581] [Server thread/INFO] [net.minecraft.server.MinecraftServer/]: Saving chunks for level 'ServerLevel[Example World]'/minecraft:overworld
[25Jul2025 03:25:22.601] [Server thread/INFO] [net.minecraft.server.MinecraftServer/]: Saving chunks for level 'ServerLevel[Example World]'/minecraft:the_end
[25Jul2025 03:25:22.601] [Server thread/INFO] [net.minecraft.server.MinecraftServer/]: Saving chunks for level 'ServerLevel[Example World]'/minecraft:the_nether
[25Jul2025 03:25:23.102] [Server thread/INFO] [net.minecraft.client.server.IntegratedServer/]: Saving and pausing game...
[25Jul2025 03:25:23.118] [Server thread/INFO] [net.minecraft.server.MinecraftServer/]: Saving chunks for level 'ServerLevel[Example World]'/minecraft:overworld
[25Jul2025 03:25:23.122] [Server thread/INFO] [net.minecraft.server.MinecraftServer/]: Saving chunks for level 'ServerLevel[Example World]'/minecraft:the_end
[25Jul2025 03:25:23.122] [Server thread/INFO] [net.minecraft.server.MinecraftServer/]: Saving chunks for level 'ServerLevel[Example World]'/minecraft:the_nether
[25Jul2025 03:25:36.501] [Server thread/INFO] [net.minecraft.client.server.IntegratedServer/]: Saving and pausing game...
[25Jul2025 03:25:36.516] [Server thread/INFO] [net.minecraft.server.MinecraftServer/]: Saving chunks for level 'ServerLevel[Example World]'/minecraft:overworld
[25Jul2025 03:25:36.519] [Server thread/INFO] [net.minecraft.server.MinecraftServer/]: Saving chunks for level 'ServerLevel[Example World]'/minecraft:the_end
[25Jul2025 03:25:36.520] [Server thread/INFO] [net.minecraft.server.MinecraftServer/]: Saving chunks for level 'ServerLevel[Example World]'/minecraft:the_nether
[25Jul2025 03:25:37.453] [Server thread/INFO] [net.minecraft.server.network.ServerGamePacketListenerImpl/]: Dev lost connection: Disconnected
[25Jul2025 03:25:37.454] [Server thread/INFO] [net.minecraft.server.MinecraftServer/]: Dev left the game
[25Jul2025 03:25:37.466] [Server thread/INFO] [net.minecraft.server.network.ServerCommonPacketListenerImpl/]: Stopping singleplayer server as player logged out
[25Jul2025 03:25:37.502] [Server thread/INFO] [net.minecraft.server.MinecraftServer/]: Stopping server
[25Jul2025 03:25:37.502] [Server thread/INFO] [net.minecraft.server.MinecraftServer/]: Saving players
[25Jul2025 03:25:37.502] [Server thread/INFO] [net.minecraft.server.MinecraftServer/]: Saving worlds
[25Jul2025 03:25:37.630] [Server thread/INFO] [net.minecraft.server.MinecraftServer/]: Saving chunks for level 'ServerLevel[Example World]'/minecraft:overworld
[25Jul2025 03:25:37.651] [Server thread/INFO] [net.minecraft.server.MinecraftServer/]: Saving chunks for level 'ServerLevel[Example World]'/minecraft:the_end
[25Jul2025 03:25:37.655] [Server thread/INFO] [net.minecraft.server.MinecraftServer/]: Saving chunks for level 'ServerLevel[Example World]'/minecraft:the_nether
[25Jul2025 03:25:37.667] [Server thread/INFO] [net.minecraft.server.MinecraftServer/]: ThreadedAnvilChunkStorage (Example World): All chunks are saved
[25Jul2025 03:25:37.667] [Server thread/INFO] [net.minecraft.server.MinecraftServer/]: ThreadedAnvilChunkStorage (DIM1): All chunks are saved
[25Jul2025 03:25:37.667] [Server thread/INFO] [net.minecraft.server.MinecraftServer/]: ThreadedAnvilChunkStorage (DIM-1): All chunks are saved
[25Jul2025 03:25:37.667] [Server thread/INFO] [net.minecraft.server.MinecraftServer/]: ThreadedAnvilChunkStorage: All dimensions are saved
[25Jul2025 03:25:38.834] [Render thread/INFO] [net.minecraft.client.Minecraft/]: Stopping!
